<?xml version="1.0" encoding="UTF-8"?>
<!-- Generated by org.testng.reporters.JUnitXMLReporter -->
<testsuite hostname="DESKTOP-7BFDLBE" name="Surefire test" tests="2" failures="1" timestamp="13 Jul 2021 14:58:03 GMT" time="19.101" errors="0">
  <testcase name="feature" time="0.008" classname="cucumberOptions.TestRunner"/>
  <testcase name="feature" time="18.487" classname="cucumberOptions.TestRunner">
    <failure type="cucumber.runtime.CucumberException" message="org.junit.ComparisonFailure: My Store expected:&amp;lt;My store[]&amp;gt; but was:&amp;lt;My store[ opened sucessfully]&amp;gt;">
      <![CDATA[cucumber.runtime.CucumberException: org.junit.ComparisonFailure: My Store expected:<My store[]> but was:<My store[ opened sucessfully]>
	at cucumber.api.testng.TestNGCucumberRunner.runCucumber(TestNGCucumberRunner.java:69)
	at cucumber.api.testng.AbstractTestNGCucumberTests.feature(AbstractTestNGCucumberTests.java:21)
	at org.apache.maven.surefire.testng.TestNGExecutor.run(TestNGExecutor.java:135)
	at org.apache.maven.surefire.testng.TestNGDirectoryTestSuite.executeMulti(TestNGDirectoryTestSuite.java:193)
	at org.apache.maven.surefire.testng.TestNGDirectoryTestSuite.execute(TestNGDirectoryTestSuite.java:94)
	at org.apache.maven.surefire.testng.TestNGProvider.invoke(TestNGProvider.java:146)
	at org.apache.maven.surefire.booter.ForkedBooter.invokeProviderInSameClassLoader(ForkedBooter.java:386)
	at org.apache.maven.surefire.booter.ForkedBooter.runSuitesInProcess(ForkedBooter.java:323)
	at org.apache.maven.surefire.booter.ForkedBooter.main(ForkedBooter.java:143)
Caused by: org.junit.ComparisonFailure: My Store expected:<My store[]> but was:<My store[ opened sucessfully]>
	at org.junit.Assert.assertEquals(Assert.java:115)
	at stepDefinitions.Sign_in.navigate_to_something_site(Sign_in.java:32)
	at âœ½.Given Navigate to "http://automationpractice.com" Site(login.feature:6)
... Removed 21 stack frames]]>
    </failure>
  </testcase> <!-- feature -->
</testsuite> <!-- Surefire test -->
